# JRE version: OpenJDK Runtime Environment Temurin-17.0.20+8 (17.0.20+8) (build 17.0.20+8)
# Java VM: OpenJDK 64-Bit Server VM Temurin-17.0.20+8 (17.0.20+8, mixed mode, sharing, tiered, compressed oops, compressed class ptrs, g1 gc, windows-amd64)
GC Precious Log:
 CPUs: 16 total, 16 available
 Memory: 15998M
 Large Page Support: Disabled
 NUMA Support: Disabled
 Compressed Oops: Enabled (32-bit)
 Heap Region Size: 1M
 Heap Min Capacity: 8M
 Heap Initial Capacity: 250M
 Heap Max Capacity: 1G
 Pre-touch: Disabled
 Parallel Workers: 13
 Concurrent Workers: 3
 Concurrent Refinement Workers: 13
 Periodic GC: Disabled
Heap:
 garbage-first heap   total 175104K, used 135796K [0x00000000c0000000, 0x0000000100000000)
  region size 1024K, 55 young (56320K), 6 survivors (6144K)
 Metaspace       used 108023K, committed 108800K, reserved 344064K
  class space    used 13618K, committed 13952K, reserved 212992K
GC Heap History (20 events):
Event: 5.949 GC heap before
{Heap before GC invocations=29 (full 0):
 garbage-first heap   total 116736K, used 83199K [0x00000000c0000000, 0x0000000100000000)
  region size 1024K, 20 young (20480K), 2 survivors (2048K)
 Metaspace       used 68103K, committed 68736K, reserved 278528K
  class space    used 9107K, committed 9408K, reserved 212992K
}
Event: 5.951 GC heap after
{Heap after GC invocations=30 (full 0):
 garbage-first heap   total 116736K, used 66995K [0x00000000c0000000, 0x0000000100000000)
  region size 1024K, 3 young (3072K), 3 survivors (3072K)
 Metaspace       used 68103K, committed 68736K, reserved 278528K
  class space    used 9107K, committed 9408K, reserved 212992K
}
Event: 5.969 GC heap before
{Heap before GC invocations=30 (full 0):
 garbage-first heap   total 116736K, used 69043K [0x00000000c0000000, 0x0000000100000000)
  region size 1024K, 5 young (5120K), 3 survivors (3072K)
 Metaspace       used 68325K, committed 68928K, reserved 278528K
  class space    used 9131K, committed 9408K, reserved 212992K
}
Event: 5.970 GC heap after
{Heap after GC invocations=31 (full 0):
 garbage-first heap   total 116736K, used 66797K [0x00000000c0000000, 0x0000000100000000)
  region size 1024K, 1 young (1024K), 1 survivors (1024K)
 Metaspace       used 68325K, committed 68928K, reserved 278528K
  class space    used 9131K, committed 9408K, reserved 212992K
}
Event: 6.219 GC heap before
{Heap before GC invocations=31 (full 0):
 garbage-first heap   total 116736K, used 93421K [0x00000000c0000000, 0x0000000100000000)
  region size 1024K, 27 young (27648K), 1 survivors (1024K)
 Metaspace       used 71400K, committed 72000K, reserved 278528K
  class space    used 9511K, committed 9792K, reserved 212992K
}
Event: 6.221 GC heap after
{Heap after GC invocations=32 (full 0):
 garbage-first heap   total 175104K, used 67359K [0x00000000c0000000, 0x0000000100000000)
  region size 1024K, 1 young (1024K), 1 survivors (1024K)
 Metaspace       used 71400K, committed 72000K, reserved 278528K
  class space    used 9511K, committed 9792K, reserved 212992K
}
Event: 6.656 GC heap before
{Heap before GC invocations=33 (full 0):
 garbage-first heap   total 175104K, used 134943K [0x00000000c0000000, 0x0000000100000000)
  region size 1024K, 66 young (67584K), 1 survivors (1024K)
 Metaspace       used 76860K, committed 77504K, reserved 344064K
  class space    used 10209K, committed 10496K, reserved 212992K
}
Event: 6.659 GC heap after
{Heap after GC invocations=34 (full 0):
 garbage-first heap   total 175104K, used 70882K [0x00000000c0000000, 0x0000000100000000)
  region size 1024K, 5 young (5120K), 5 survivors (5120K)
 Metaspace       used 76860K, committed 77504K, reserved 344064K
  class space    used 10209K, committed 10496K, reserved 212992K
}
Event: 6.680 GC heap before
{Heap before GC invocations=34 (full 0):
 garbage-first heap   total 175104K, used 73954K [0x00000000c0000000, 0x0000000100000000)
  region size 1024K, 8 young (8192K), 5 survivors (5120K)
 Metaspace       used 77021K, committed 77632K, reserved 344064K
  class space    used 10223K, committed 10496K, reserved 212992K
}
Event: 6.683 GC heap after
{Heap after GC invocations=35 (full 0):
 garbage-first heap   total 175104K, used 71438K [0x00000000c0000000, 0x0000000100000000)
  region size 1024K, 1 young (1024K), 1 survivors (1024K)
 Metaspace       used 77021K, committed 77632K, reserved 344064K
  class space    used 10223K, committed 10496K, reserved 212992K
}
Event: 7.335 GC heap before
{Heap before GC invocations=35 (full 0):
 garbage-first heap   total 175104K, used 136974K [0x00000000c0000000, 0x0000000100000000)
  region size 1024K, 65 young (66560K), 1 survivors (1024K)
 Metaspace       used 81706K, committed 82368K, reserved 344064K
  class space    used 10739K, committed 11072K, reserved 212992K
}
Event: 7.338 GC heap after
{Heap after GC invocations=36 (full 0):
 garbage-first heap   total 175104K, used 76373K [0x00000000c0000000, 0x0000000100000000)
  region size 1024K, 6 young (6144K), 6 survivors (6144K)
 Metaspace       used 81706K, committed 82368K, reserved 344064K
  class space    used 10739K, committed 11072K, reserved 212992K
}
Event: 8.046 GC heap before
{Heap before GC invocations=36 (full 0):
 garbage-first heap   total 175104K, used 137813K [0x00000000c0000000, 0x0000000100000000)
  region size 1024K, 66 young (67584K), 6 survivors (6144K)
 Metaspace       used 88424K, committed 89024K, reserved 344064K
  class space    used 11416K, committed 11712K, reserved 212992K
}
Event: 8.049 GC heap after
{Heap after GC invocations=37 (full 0):
 garbage-first heap   total 175104K, used 80781K [0x00000000c0000000, 0x0000000100000000)
  region size 1024K, 5 young (5120K), 5 survivors (5120K)
 Metaspace       used 88424K, committed 89024K, reserved 344064K
  class space    used 11416K, committed 11712K, reserved 212992K
}
Event: 8.520 GC heap before
{Heap before GC invocations=37 (full 0):
 garbage-first heap   total 175104K, used 138125K [0x00000000c0000000, 0x0000000100000000)
  region size 1024K, 62 young (63488K), 5 survivors (5120K)
 Metaspace       used 96723K, committed 97472K, reserved 344064K
  class space    used 12282K, committed 12608K, reserved 212992K
}
Event: 8.522 GC heap after
{Heap after GC invocations=38 (full 0):
 garbage-first heap   total 175104K, used 82875K [0x00000000c0000000, 0x0000000100000000)
  region size 1024K, 7 young (7168K), 7 survivors (7168K)
 Metaspace       used 96723K, committed 97472K, reserved 344064K
  class space    used 12282K, committed 12608K, reserved 212992K
}
Event: 9.047 GC heap before
{Heap before GC invocations=38 (full 0):
 garbage-first heap   total 175104K, used 141243K [0x00000000c0000000, 0x0000000100000000)
  region size 1024K, 64 young (65536K), 7 survivors (7168K)
 Metaspace       used 104245K, committed 104960K, reserved 344064K
  class space    used 13063K, committed 13376K, reserved 212992K
}
Event: 9.049 GC heap after
{Heap after GC invocations=39 (full 0):
 garbage-first heap   total 175104K, used 83902K [0x00000000c0000000, 0x0000000100000000)
  region size 1024K, 4 young (4096K), 4 survivors (4096K)
 Metaspace       used 104245K, committed 104960K, reserved 344064K
  class space    used 13063K, committed 13376K, reserved 212992K
}
Event: 9.507 GC heap before
{Heap before GC invocations=39 (full 0):
 garbage-first heap   total 175104K, used 143294K [0x00000000c0000000, 0x0000000100000000)
  region size 1024K, 62 young (63488K), 4 survivors (4096K)
 Metaspace       used 107740K, committed 108480K, reserved 344064K
  class space    used 13617K, committed 13952K, reserved 212992K
}
Event: 9.510 GC heap after
{Heap after GC invocations=40 (full 0):
 garbage-first heap   total 175104K, used 85620K [0x00000000c0000000, 0x0000000100000000)
  region size 1024K, 6 young (6144K), 6 survivors (6144K)
 Metaspace       used 107740K, committed 108480K, reserved 344064K
  class space    used 13617K, committed 13952K, reserved 212992K
}

