# JRE version: OpenJDK Runtime Environment Temurin-21.0.11+10 (21.0.11+10) (build 21.0.11+10-LTS)
# Java VM: OpenJDK 64-Bit Server VM Temurin-21.0.11+10 (21.0.11+10-LTS, mixed mode, sharing, tiered, compressed oops, compressed class ptrs, g1 gc, windows-amd64)
GC Precious Log:
 CardTable entry size: 512
 Card Set container configuration: InlinePtr #cards 5 size 8 Array Of Cards #cards 12 size 40 Howl #buckets 4 coarsen threshold 1843 Howl Bitmap #cards 512 size 80 coarsen threshold 460 Card regions per heap region 1 cards per card region 2048
 CPUs: 16 total, 16 available
 Memory: 15998M
 Large Page Support: Disabled
 NUMA Support: Disabled
 Compressed Oops: Enabled (32-bit)
 Heap Region Size: 1M
 Heap Min Capacity: 8M
 Heap Initial Capacity: 250M
 Heap Max Capacity: 2G
 Pre-touch: Disabled
 Parallel Workers: 13
 Concurrent Workers: 3
 Concurrent Refinement Workers: 13
 Periodic GC: Disabled
Heap:
 garbage-first heap   total 188416K, used 120449K [0x0000000080000000, 0x0000000100000000)
  region size 1024K, 11 young (11264K), 8 survivors (8192K)
 Metaspace       used 109029K, committed 111488K, reserved 557056K
  class space    used 15583K, committed 16832K, reserved 425984K
GC Heap History (20 events):
Event: 73.192 GC heap before
{Heap before GC invocations=38 (full 0):
 garbage-first heap   total 140288K, used 113928K [0x0000000080000000, 0x0000000100000000)
  region size 1024K, 22 young (22528K), 2 survivors (2048K)
 Metaspace       used 86726K, committed 89024K, reserved 557056K
  class space    used 12401K, committed 13568K, reserved 425984K
}
Event: 73.195 GC heap after
{Heap after GC invocations=39 (full 0):
 garbage-first heap   total 140288K, used 96484K [0x0000000080000000, 0x0000000100000000)
  region size 1024K, 4 young (4096K), 4 survivors (4096K)
 Metaspace       used 86726K, committed 89024K, reserved 557056K
  class space    used 12401K, committed 13568K, reserved 425984K
}
Event: 73.471 GC heap before
{Heap before GC invocations=40 (full 0):
 garbage-first heap   total 171008K, used 133348K [0x0000000080000000, 0x0000000100000000)
  region size 1024K, 35 young (35840K), 4 survivors (4096K)
 Metaspace       used 88311K, committed 90560K, reserved 557056K
  class space    used 12615K, committed 13760K, reserved 425984K
}
Event: 73.475 GC heap after
{Heap after GC invocations=41 (full 0):
 garbage-first heap   total 171008K, used 100493K [0x0000000080000000, 0x0000000100000000)
  region size 1024K, 5 young (5120K), 5 survivors (5120K)
 Metaspace       used 88311K, committed 90560K, reserved 557056K
  class space    used 12615K, committed 13760K, reserved 425984K
}
Event: 74.176 GC heap before
{Heap before GC invocations=41 (full 0):
 garbage-first heap   total 171008K, used 145549K [0x0000000080000000, 0x0000000100000000)
  region size 1024K, 49 young (50176K), 5 survivors (5120K)
 Metaspace       used 91173K, committed 93504K, reserved 557056K
  class space    used 12984K, committed 14144K, reserved 425984K
}
Event: 74.179 GC heap after
{Heap after GC invocations=42 (full 0):
 garbage-first heap   total 171008K, used 101065K [0x0000000080000000, 0x0000000100000000)
  region size 1024K, 4 young (4096K), 4 survivors (4096K)
 Metaspace       used 91173K, committed 93504K, reserved 557056K
  class space    used 12984K, committed 14144K, reserved 425984K
}
Event: 74.768 GC heap before
{Heap before GC invocations=42 (full 0):
 garbage-first heap   total 171008K, used 107209K [0x0000000080000000, 0x0000000100000000)
  region size 1024K, 11 young (11264K), 4 survivors (4096K)
 Metaspace       used 91321K, committed 93632K, reserved 557056K
  class space    used 13001K, committed 14144K, reserved 425984K
}
Event: 74.771 GC heap after
{Heap after GC invocations=43 (full 0):
 garbage-first heap   total 171008K, used 102448K [0x0000000080000000, 0x0000000100000000)
  region size 1024K, 5 young (5120K), 5 survivors (5120K)
 Metaspace       used 91321K, committed 93632K, reserved 557056K
  class space    used 13001K, committed 14144K, reserved 425984K
}
Event: 75.265 GC heap before
{Heap before GC invocations=44 (full 0):
 garbage-first heap   total 176128K, used 149552K [0x0000000080000000, 0x0000000100000000)
  region size 1024K, 49 young (50176K), 5 survivors (5120K)
 Metaspace       used 94244K, committed 96640K, reserved 557056K
  class space    used 13428K, committed 14592K, reserved 425984K
}
Event: 75.269 GC heap after
{Heap after GC invocations=45 (full 0):
 garbage-first heap   total 176128K, used 106894K [0x0000000080000000, 0x0000000100000000)
  region size 1024K, 4 young (4096K), 4 survivors (4096K)
 Metaspace       used 94244K, committed 96640K, reserved 557056K
  class space    used 13428K, committed 14592K, reserved 425984K
}
Event: 78.441 GC heap before
{Heap before GC invocations=45 (full 0):
 garbage-first heap   total 176128K, used 153998K [0x0000000080000000, 0x0000000100000000)
  region size 1024K, 50 young (51200K), 4 survivors (4096K)
 Metaspace       used 96704K, committed 99008K, reserved 557056K
  class space    used 13770K, committed 14912K, reserved 425984K
}
Event: 78.444 GC heap after
{Heap after GC invocations=46 (full 0):
 garbage-first heap   total 176128K, used 109017K [0x0000000080000000, 0x0000000100000000)
  region size 1024K, 7 young (7168K), 7 survivors (7168K)
 Metaspace       used 96704K, committed 99008K, reserved 557056K
  class space    used 13770K, committed 14912K, reserved 425984K
}
Event: 78.767 GC heap before
{Heap before GC invocations=46 (full 0):
 garbage-first heap   total 176128K, used 156121K [0x0000000080000000, 0x0000000100000000)
  region size 1024K, 53 young (54272K), 7 survivors (7168K)
 Metaspace       used 98870K, committed 101248K, reserved 557056K
  class space    used 14072K, committed 15296K, reserved 425984K
}
Event: 78.771 GC heap after
{Heap after GC invocations=47 (full 0):
 garbage-first heap   total 176128K, used 112037K [0x0000000080000000, 0x0000000100000000)
  region size 1024K, 4 young (4096K), 4 survivors (4096K)
 Metaspace       used 98870K, committed 101248K, reserved 557056K
  class space    used 14072K, committed 15296K, reserved 425984K
}
Event: 79.195 GC heap before
{Heap before GC invocations=48 (full 0):
 garbage-first heap   total 188416K, used 158117K [0x0000000080000000, 0x0000000100000000)
  region size 1024K, 49 young (50176K), 4 survivors (4096K)
 Metaspace       used 102273K, committed 104640K, reserved 557056K
  class space    used 14629K, committed 15808K, reserved 425984K
}
Event: 79.197 GC heap after
{Heap after GC invocations=49 (full 0):
 garbage-first heap   total 188416K, used 113079K [0x0000000080000000, 0x0000000100000000)
  region size 1024K, 5 young (5120K), 5 survivors (5120K)
 Metaspace       used 102273K, committed 104640K, reserved 557056K
  class space    used 14629K, committed 15808K, reserved 425984K
}
Event: 79.747 GC heap before
{Heap before GC invocations=49 (full 0):
 garbage-first heap   total 188416K, used 168375K [0x0000000080000000, 0x0000000100000000)
  region size 1024K, 59 young (60416K), 5 survivors (5120K)
 Metaspace       used 106055K, committed 108416K, reserved 557056K
  class space    used 15180K, committed 16384K, reserved 425984K
}
Event: 79.751 GC heap after
{Heap after GC invocations=50 (full 0):
 garbage-first heap   total 188416K, used 113806K [0x0000000080000000, 0x0000000100000000)
  region size 1024K, 4 young (4096K), 4 survivors (4096K)
 Metaspace       used 106055K, committed 108416K, reserved 557056K
  class space    used 15180K, committed 16384K, reserved 425984K
}
Event: 83.404 GC heap before
{Heap before GC invocations=50 (full 0):
 garbage-first heap   total 188416K, used 170126K [0x0000000080000000, 0x0000000100000000)
  region size 1024K, 59 young (60416K), 4 survivors (4096K)
 Metaspace       used 109028K, committed 111488K, reserved 557056K
  class space    used 15583K, committed 16832K, reserved 425984K
}
Event: 83.408 GC heap after
{Heap after GC invocations=51 (full 0):
 garbage-first heap   total 188416K, used 118401K [0x0000000080000000, 0x0000000100000000)
  region size 1024K, 8 young (8192K), 8 survivors (8192K)
 Metaspace       used 109028K, committed 111488K, reserved 557056K
  class space    used 15583K, committed 16832K, reserved 425984K
}

