# JRE version: OpenJDK Runtime Environment Temurin-21.0.11+10 (21.0.11+10) (build 21.0.11+10-LTS)
# Java VM: OpenJDK 64-Bit Server VM Temurin-21.0.11+10 (21.0.11+10-LTS, mixed mode, sharing, tiered, compressed oops, compressed class ptrs, parallel gc, windows-amd64)
GC Precious Log:
 CardTable entry size: 512
 CPUs: 16 total, 16 available
 Memory: 15998M
 Large Page Support: Disabled
 NUMA Support: Disabled
 Compressed Oops: Enabled (32-bit)
 Alignments: Space 512K, Generation 512K, Heap 2M
 Heap Min Capacity: 100M
 Heap Initial Capacity: 100M
 Heap Max Capacity: 2G
 Pre-touch: Disabled
 Parallel Workers: 13
Heap:
 PSYoungGen      total 6656K, used 5426K [0x00000000d5580000, 0x00000000d6280000, 0x0000000100000000)
  eden space 3072K, 71% used [0x00000000d5580000,0x00000000d57ae788,0x00000000d5880000)
  from space 3584K, 90% used [0x00000000d5880000,0x00000000d5ba8000,0x00000000d5c00000)
  to   space 5120K, 0% used [0x00000000d5d80000,0x00000000d5d80000,0x00000000d6280000)
 ParOldGen       total 1062400K, used 1062311K [0x0000000080000000, 0x00000000c0d80000, 0x00000000d5580000)
  object space 1062400K, 99% used [0x0000000080000000,0x00000000c0d69e40,0x00000000c0d80000)
 Metaspace       used 105496K, committed 107712K, reserved 1179648K
  class space    used 13766K, committed 14784K, reserved 1048576K
GC Heap History (20 events):
Event: 5046.207 GC heap before
{Heap before GC invocations=3541 (full 4):
 PSYoungGen      total 7680K, used 7552K [0x00000000d5580000, 0x00000000d6000000, 0x0000000100000000)
  eden space 7168K, 100% used [0x00000000d5580000,0x00000000d5c80000,0x00000000d5c80000)
  from space 512K, 75% used [0x00000000d5f00000,0x00000000d5f60000,0x00000000d5f80000)
  to   space 512K, 0% used [0x00000000d5f80000,0x00000000d5f80000,0x00000000d6000000)
 ParOldGen       total 1050112K, used 1049885K [0x0000000080000000, 0x00000000c0180000, 0x00000000d5580000)
  object space 1050112K, 99% used [0x0000000080000000,0x00000000c0147788,0x00000000c0180000)
 Metaspace       used 104306K, committed 106496K, reserved 1179648K
  class space    used 13625K, committed 14592K, reserved 1048576K
}
Event: 5046.208 GC heap after
{Heap after GC invocations=3541 (full 4):
 PSYoungGen      total 7680K, used 384K [0x00000000d5580000, 0x00000000d6000000, 0x0000000100000000)
  eden space 7168K, 0% used [0x00000000d5580000,0x00000000d5580000,0x00000000d5c80000)
  from space 512K, 75% used [0x00000000d5f80000,0x00000000d5fe0000,0x00000000d6000000)
  to   space 512K, 0% used [0x00000000d5f00000,0x00000000d5f00000,0x00000000d5f80000)
 ParOldGen       total 1050112K, used 1050061K [0x0000000080000000, 0x00000000c0180000, 0x00000000d5580000)
  object space 1050112K, 99% used [0x0000000080000000,0x00000000c0173788,0x00000000c0180000)
 Metaspace       used 104306K, committed 106496K, reserved 1179648K
  class space    used 13625K, committed 14592K, reserved 1048576K
}
Event: 5047.726 GC heap before
{Heap before GC invocations=3542 (full 4):
 PSYoungGen      total 7680K, used 7552K [0x00000000d5580000, 0x00000000d6000000, 0x0000000100000000)
  eden space 7168K, 100% used [0x00000000d5580000,0x00000000d5c80000,0x00000000d5c80000)
  from space 512K, 75% used [0x00000000d5f80000,0x00000000d5fe0000,0x00000000d6000000)
  to   space 512K, 0% used [0x00000000d5f00000,0x00000000d5f00000,0x00000000d5f80000)
 ParOldGen       total 1050112K, used 1050061K [0x0000000080000000, 0x00000000c0180000, 0x00000000d5580000)
  object space 1050112K, 99% used [0x0000000080000000,0x00000000c0173788,0x00000000c0180000)
 Metaspace       used 104880K, committed 107072K, reserved 1179648K
  class space    used 13698K, committed 14656K, reserved 1048576K
}
Event: 5047.728 GC heap after
{Heap after GC invocations=3542 (full 4):
 PSYoungGen      total 7680K, used 416K [0x00000000d5580000, 0x00000000d6000000, 0x0000000100000000)
  eden space 7168K, 0% used [0x00000000d5580000,0x00000000d5580000,0x00000000d5c80000)
  from space 512K, 81% used [0x00000000d5f00000,0x00000000d5f68000,0x00000000d5f80000)
  to   space 512K, 0% used [0x00000000d5f80000,0x00000000d5f80000,0x00000000d6000000)
 ParOldGen       total 1050624K, used 1050285K [0x0000000080000000, 0x00000000c0200000, 0x00000000d5580000)
  object space 1050624K, 99% used [0x0000000080000000,0x00000000c01ab498,0x00000000c0200000)
 Metaspace       used 104880K, committed 107072K, reserved 1179648K
  class space    used 13698K, committed 14656K, reserved 1048576K
}
Event: 5057.044 GC heap before
{Heap before GC invocations=3543 (full 4):
 PSYoungGen      total 7680K, used 7584K [0x00000000d5580000, 0x00000000d6000000, 0x0000000100000000)
  eden space 7168K, 100% used [0x00000000d5580000,0x00000000d5c80000,0x00000000d5c80000)
  from space 512K, 81% used [0x00000000d5f00000,0x00000000d5f68000,0x00000000d5f80000)
  to   space 512K, 0% used [0x00000000d5f80000,0x00000000d5f80000,0x00000000d6000000)
 ParOldGen       total 1050624K, used 1050285K [0x0000000080000000, 0x00000000c0200000, 0x00000000d5580000)
  object space 1050624K, 99% used [0x0000000080000000,0x00000000c01ab498,0x00000000c0200000)
 Metaspace       used 105205K, committed 107392K, reserved 1179648K
  class space    used 13741K, committed 14720K, reserved 1048576K
}
Event: 5057.045 GC heap after
{Heap after GC invocations=3543 (full 4):
 PSYoungGen      total 7680K, used 448K [0x00000000d5580000, 0x00000000d6000000, 0x0000000100000000)
  eden space 7168K, 0% used [0x00000000d5580000,0x00000000d5580000,0x00000000d5c80000)
  from space 512K, 87% used [0x00000000d5f80000,0x00000000d5ff0000,0x00000000d6000000)
  to   space 512K, 0% used [0x00000000d5f00000,0x00000000d5f00000,0x00000000d5f80000)
 ParOldGen       total 1050624K, used 1050405K [0x0000000080000000, 0x00000000c0200000, 0x00000000d5580000)
  object space 1050624K, 99% used [0x0000000080000000,0x00000000c01c9498,0x00000000c0200000)
 Metaspace       used 105205K, committed 107392K, reserved 1179648K
  class space    used 13741K, committed 14720K, reserved 1048576K
}
Event: 5063.860 GC heap before
{Heap before GC invocations=3544 (full 4):
 PSYoungGen      total 7680K, used 7600K [0x00000000d5580000, 0x00000000d6000000, 0x0000000100000000)
  eden space 7168K, 99% used [0x00000000d5580000,0x00000000d5c7c3f0,0x00000000d5c80000)
  from space 512K, 87% used [0x00000000d5f80000,0x00000000d5ff0000,0x00000000d6000000)
  to   space 512K, 0% used [0x00000000d5f00000,0x00000000d5f00000,0x00000000d5f80000)
 ParOldGen       total 1050624K, used 1050405K [0x0000000080000000, 0x00000000c0200000, 0x00000000d5580000)
  object space 1050624K, 99% used [0x0000000080000000,0x00000000c01c9498,0x00000000c0200000)
 Metaspace       used 105263K, committed 107456K, reserved 1179648K
  class space    used 13751K, committed 14720K, reserved 1048576K
}
Event: 5063.862 GC heap after
{Heap after GC invocations=3544 (full 4):
 PSYoungGen      total 7680K, used 416K [0x00000000d5580000, 0x00000000d6000000, 0x0000000100000000)
  eden space 7168K, 0% used [0x00000000d5580000,0x00000000d5580000,0x00000000d5c80000)
  from space 512K, 81% used [0x00000000d5f00000,0x00000000d5f68000,0x00000000d5f80000)
  to   space 512K, 0% used [0x00000000d5f80000,0x00000000d5f80000,0x00000000d6000000)
 ParOldGen       total 1051648K, used 1051402K [0x0000000080000000, 0x00000000c0300000, 0x00000000d5580000)
  object space 1051648K, 99% used [0x0000000080000000,0x00000000c02c29a8,0x00000000c0300000)
 Metaspace       used 105263K, committed 107456K, reserved 1179648K
  class space    used 13751K, committed 14720K, reserved 1048576K
}
Event: 5071.694 GC heap before
{Heap before GC invocations=3545 (full 4):
 PSYoungGen      total 7680K, used 7584K [0x00000000d5580000, 0x00000000d6000000, 0x0000000100000000)
  eden space 7168K, 100% used [0x00000000d5580000,0x00000000d5c80000,0x00000000d5c80000)
  from space 512K, 81% used [0x00000000d5f00000,0x00000000d5f68000,0x00000000d5f80000)
  to   space 512K, 0% used [0x00000000d5f80000,0x00000000d5f80000,0x00000000d6000000)
 ParOldGen       total 1051648K, used 1051402K [0x0000000080000000, 0x00000000c0300000, 0x00000000d5580000)
  object space 1051648K, 99% used [0x0000000080000000,0x00000000c02c29a8,0x00000000c0300000)
 Metaspace       used 105429K, committed 107648K, reserved 1179648K
  class space    used 13766K, committed 14784K, reserved 1048576K
}
Event: 5071.697 GC heap after
{Heap after GC invocations=3545 (full 4):
 PSYoungGen      total 7680K, used 416K [0x00000000d5580000, 0x00000000d6000000, 0x0000000100000000)
  eden space 7168K, 0% used [0x00000000d5580000,0x00000000d5580000,0x00000000d5c80000)
  from space 512K, 81% used [0x00000000d5f80000,0x00000000d5fe8000,0x00000000d6000000)
  to   space 512K, 0% used [0x00000000d5f00000,0x00000000d5f00000,0x00000000d5f80000)
 ParOldGen       total 1051648K, used 1051474K [0x0000000080000000, 0x00000000c0300000, 0x00000000d5580000)
  object space 1051648K, 99% used [0x0000000080000000,0x00000000c02d49a8,0x00000000c0300000)
 Metaspace       used 105429K, committed 107648K, reserved 1179648K
  class space    used 13766K, committed 14784K, reserved 1048576K
}
Event: 5089.914 GC heap before
{Heap before GC invocations=3546 (full 4):
 PSYoungGen      total 7680K, used 7583K [0x00000000d5580000, 0x00000000d6000000, 0x0000000100000000)
  eden space 7168K, 99% used [0x00000000d5580000,0x00000000d5c7ffe8,0x00000000d5c80000)
  from space 512K, 81% used [0x00000000d5f80000,0x00000000d5fe8000,0x00000000d6000000)
  to   space 512K, 0% used [0x00000000d5f00000,0x00000000d5f00000,0x00000000d5f80000)
 ParOldGen       total 1051648K, used 1051474K [0x0000000080000000, 0x00000000c0300000, 0x00000000d5580000)
  object space 1051648K, 99% used [0x0000000080000000,0x00000000c02d49a8,0x00000000c0300000)
 Metaspace       used 105447K, committed 107712K, reserved 1179648K
  class space    used 13766K, committed 14784K, reserved 1048576K
}
Event: 5089.916 GC heap after
{Heap after GC invocations=3546 (full 4):
 PSYoungGen      total 7680K, used 489K [0x00000000d5580000, 0x00000000d6000000, 0x0000000100000000)
  eden space 7168K, 0% used [0x00000000d5580000,0x00000000d5580000,0x00000000d5c80000)
  from space 512K, 95% used [0x00000000d5f00000,0x00000000d5f7a428,0x00000000d5f80000)
  to   space 512K, 0% used [0x00000000d5f80000,0x00000000d5f80000,0x00000000d6000000)
 ParOldGen       total 1052160K, used 1051738K [0x0000000080000000, 0x00000000c0380000, 0x00000000d5580000)
  object space 1052160K, 99% used [0x0000000080000000,0x00000000c03169a8,0x00000000c0380000)
 Metaspace       used 105447K, committed 107712K, reserved 1179648K
  class space    used 13766K, committed 14784K, reserved 1048576K
}
Event: 5089.920 GC heap before
{Heap before GC invocations=3547 (full 4):
 PSYoungGen      total 7680K, used 7657K [0x00000000d5580000, 0x00000000d6000000, 0x0000000100000000)
  eden space 7168K, 100% used [0x00000000d5580000,0x00000000d5c80000,0x00000000d5c80000)
  from space 512K, 95% used [0x00000000d5f00000,0x00000000d5f7a428,0x00000000d5f80000)
  to   space 512K, 0% used [0x00000000d5f80000,0x00000000d5f80000,0x00000000d6000000)
 ParOldGen       total 1052160K, used 1051738K [0x0000000080000000, 0x00000000c0380000, 0x00000000d5580000)
  object space 1052160K, 99% used [0x0000000080000000,0x00000000c03169a8,0x00000000c0380000)
 Metaspace       used 105447K, committed 107712K, reserved 1179648K
  class space    used 13766K, committed 14784K, reserved 1048576K
}
Event: 5089.921 GC heap after
{Heap after GC invocations=3547 (full 4):
 PSYoungGen      total 7680K, used 128K [0x00000000d5580000, 0x00000000d6000000, 0x0000000100000000)
  eden space 7168K, 0% used [0x00000000d5580000,0x00000000d5580000,0x00000000d5c80000)
  from space 512K, 25% used [0x00000000d5f80000,0x00000000d5fa0000,0x00000000d6000000)
  to   space 512K, 0% used [0x00000000d5f00000,0x00000000d5f00000,0x00000000d5f80000)
 ParOldGen       total 1052160K, used 1052011K [0x0000000080000000, 0x00000000c0380000, 0x00000000d5580000)
  object space 1052160K, 99% used [0x0000000080000000,0x00000000c035add0,0x00000000c0380000)
 Metaspace       used 105447K, committed 107712K, reserved 1179648K
  class space    used 13766K, committed 14784K, reserved 1048576K
}
Event: 5089.931 GC heap before
{Heap before GC invocations=3548 (full 4):
 PSYoungGen      total 7680K, used 7178K [0x00000000d5580000, 0x00000000d6000000, 0x0000000100000000)
  eden space 7168K, 98% used [0x00000000d5580000,0x00000000d5c62858,0x00000000d5c80000)
  from space 512K, 25% used [0x00000000d5f80000,0x00000000d5fa0000,0x00000000d6000000)
  to   space 512K, 0% used [0x00000000d5f00000,0x00000000d5f00000,0x00000000d5f80000)
 ParOldGen       total 1052160K, used 1052011K [0x0000000080000000, 0x00000000c0380000, 0x00000000d5580000)
  object space 1052160K, 99% used [0x0000000080000000,0x00000000c035add0,0x00000000c0380000)
 Metaspace       used 105447K, committed 107712K, reserved 1179648K
  class space    used 13766K, committed 14784K, reserved 1048576K
}
Event: 5089.932 GC heap after
{Heap after GC invocations=3548 (full 4):
 PSYoungGen      total 7680K, used 320K [0x00000000d5580000, 0x00000000d6000000, 0x0000000100000000)
  eden space 7168K, 0% used [0x00000000d5580000,0x00000000d5580000,0x00000000d5c80000)
  from space 512K, 62% used [0x00000000d5f00000,0x00000000d5f50000,0x00000000d5f80000)
  to   space 512K, 0% used [0x00000000d5f80000,0x00000000d5f80000,0x00000000d6000000)
 ParOldGen       total 1052160K, used 1052011K [0x0000000080000000, 0x00000000c0380000, 0x00000000d5580000)
  object space 1052160K, 99% used [0x0000000080000000,0x00000000c035add0,0x00000000c0380000)
 Metaspace       used 105447K, committed 107712K, reserved 1179648K
  class space    used 13766K, committed 14784K, reserved 1048576K
}
Event: 5091.505 GC heap before
{Heap before GC invocations=3549 (full 4):
 PSYoungGen      total 7680K, used 7488K [0x00000000d5580000, 0x00000000d6000000, 0x0000000100000000)
  eden space 7168K, 100% used [0x00000000d5580000,0x00000000d5c80000,0x00000000d5c80000)
  from space 512K, 62% used [0x00000000d5f00000,0x00000000d5f50000,0x00000000d5f80000)
  to   space 512K, 0% used [0x00000000d5f80000,0x00000000d5f80000,0x00000000d6000000)
 ParOldGen       total 1052160K, used 1052011K [0x0000000080000000, 0x00000000c0380000, 0x00000000d5580000)
  object space 1052160K, 99% used [0x0000000080000000,0x00000000c035add0,0x00000000c0380000)
 Metaspace       used 105479K, committed 107712K, reserved 1179648K
  class space    used 13766K, committed 14784K, reserved 1048576K
}
Event: 5091.506 GC heap after
{Heap after GC invocations=3549 (full 4):
 PSYoungGen      total 7680K, used 384K [0x00000000d5580000, 0x00000000d6000000, 0x0000000100000000)
  eden space 7168K, 0% used [0x00000000d5580000,0x00000000d5580000,0x00000000d5c80000)
  from space 512K, 75% used [0x00000000d5f80000,0x00000000d5fe0000,0x00000000d6000000)
  to   space 512K, 0% used [0x00000000d5f00000,0x00000000d5f00000,0x00000000d5f80000)
 ParOldGen       total 1052160K, used 1052059K [0x0000000080000000, 0x00000000c0380000, 0x00000000d5580000)
  object space 1052160K, 99% used [0x0000000080000000,0x00000000c0366dd0,0x00000000c0380000)
 Metaspace       used 105479K, committed 107712K, reserved 1179648K
  class space    used 13766K, committed 14784K, reserved 1048576K
}
Event: 5091.534 GC heap before
{Heap before GC invocations=3550 (full 4):
 PSYoungGen      total 7680K, used 7552K [0x00000000d5580000, 0x00000000d6000000, 0x0000000100000000)
  eden space 7168K, 100% used [0x00000000d5580000,0x00000000d5c80000,0x00000000d5c80000)
  from space 512K, 75% used [0x00000000d5f80000,0x00000000d5fe0000,0x00000000d6000000)
  to   space 512K, 0% used [0x00000000d5f00000,0x00000000d5f00000,0x00000000d5f80000)
 ParOldGen       total 1052160K, used 1052059K [0x0000000080000000, 0x00000000c0380000, 0x00000000d5580000)
  object space 1052160K, 99% used [0x0000000080000000,0x00000000c0366dd0,0x00000000c0380000)
 Metaspace       used 105496K, committed 107712K, reserved 1179648K
  class space    used 13766K, committed 14784K, reserved 1048576K
}
Event: 5092.560 GC heap after
{Heap after GC invocations=3550 (full 4):
 PSYoungGen      total 7680K, used 480K [0x00000000d5580000, 0x00000000d6480000, 0x0000000100000000)
  eden space 7168K, 0% used [0x00000000d5580000,0x00000000d5580000,0x00000000d5c80000)
  from space 512K, 93% used [0x00000000d5f00000,0x00000000d5f78020,0x00000000d5f80000)
  to   space 4096K, 0% used [0x00000000d6080000,0x00000000d6080000,0x00000000d6480000)
 ParOldGen       total 1055232K, used 1055055K [0x0000000080000000, 0x00000000c0680000, 0x00000000d5580000)
  object space 1055232K, 99% used [0x0000000080000000,0x00000000c0653dd0,0x00000000c0680000)
 Metaspace       used 105496K, committed 107712K, reserved 1179648K
  class space    used 13766K, committed 14784K, reserved 1048576K
}

