# JRE version: Java(TM) SE Runtime Environment (21.0.11+9) (build 21.0.11+9-LTS-211)
# Java VM: Java HotSpot(TM) 64-Bit Server VM (21.0.11+9-LTS-211, mixed mode, sharing, tiered, compressed oops, compressed class ptrs, g1 gc, windows-amd64)
GC Precious Log:
 CardTable entry size: 512
 Card Set container configuration: InlinePtr #cards 4 size 8 Array Of Cards #cards 16 size 48 Howl #buckets 8 coarsen threshold 3686 Howl Bitmap #cards 512 size 80 coarsen threshold 460 Card regions per heap region 1 cards per card region 4096
 CPUs: 16 total, 16 available
 Memory: 15998M
 Large Page Support: Disabled
 NUMA Support: Disabled
 Compressed Oops: Enabled (Zero based)
 Heap Region Size: 2M
 Heap Min Capacity: 8M
 Heap Initial Capacity: 250M
 Heap Max Capacity: 4000M
 Pre-touch: Disabled
 Parallel Workers: 13
 Concurrent Workers: 3
 Concurrent Refinement Workers: 13
 Periodic GC: Disabled
Heap:
 garbage-first heap   total 153600K, used 101329K [0x0000000706000000, 0x0000000800000000)
  region size 2048K, 10 young (20480K), 3 survivors (6144K)
 Metaspace       used 61857K, committed 62784K, reserved 1114112K
  class space    used 7018K, committed 7488K, reserved 1048576K
GC Heap History (20 events):
Event: 2.039 GC heap before
{Heap before GC invocations=9 (full 0):
 garbage-first heap   total 63488K, used 53585K [0x0000000706000000, 0x0000000800000000)
  region size 2048K, 11 young (22528K), 2 survivors (4096K)
 Metaspace       used 30694K, committed 30976K, reserved 1114112K
  class space    used 3957K, committed 4096K, reserved 1048576K
}
Event: 2.043 GC heap after
{Heap after GC invocations=10 (full 0):
 garbage-first heap   total 65536K, used 40771K [0x0000000706000000, 0x0000000800000000)
  region size 2048K, 2 young (4096K), 2 survivors (4096K)
 Metaspace       used 30694K, committed 30976K, reserved 1114112K
  class space    used 3957K, committed 4096K, reserved 1048576K
}
Event: 2.193 GC heap before
{Heap before GC invocations=10 (full 0):
 garbage-first heap   total 65536K, used 53059K [0x0000000706000000, 0x0000000800000000)
  region size 2048K, 8 young (16384K), 2 survivors (4096K)
 Metaspace       used 32292K, committed 32640K, reserved 1114112K
  class space    used 4123K, committed 4288K, reserved 1048576K
}
Event: 2.198 GC heap after
{Heap after GC invocations=11 (full 0):
 garbage-first heap   total 126976K, used 48092K [0x0000000706000000, 0x0000000800000000)
  region size 2048K, 1 young (2048K), 1 survivors (2048K)
 Metaspace       used 32292K, committed 32640K, reserved 1114112K
  class space    used 4123K, committed 4288K, reserved 1048576K
}
Event: 2.863 GC heap before
{Heap before GC invocations=11 (full 0):
 garbage-first heap   total 126976K, used 97244K [0x0000000706000000, 0x0000000800000000)
  region size 2048K, 26 young (53248K), 1 survivors (2048K)
 Metaspace       used 41469K, committed 42240K, reserved 1114112K
  class space    used 5081K, committed 5440K, reserved 1048576K
}
Event: 2.869 GC heap after
{Heap after GC invocations=12 (full 0):
 garbage-first heap   total 126976K, used 52150K [0x0000000706000000, 0x0000000800000000)
  region size 2048K, 3 young (6144K), 3 survivors (6144K)
 Metaspace       used 41469K, committed 42240K, reserved 1114112K
  class space    used 5081K, committed 5440K, reserved 1048576K
}
Event: 3.190 GC heap before
{Heap before GC invocations=12 (full 0):
 garbage-first heap   total 126976K, used 68534K [0x0000000706000000, 0x0000000800000000)
  region size 2048K, 12 young (24576K), 3 survivors (6144K)
 Metaspace       used 45147K, committed 45888K, reserved 1114112K
  class space    used 5529K, committed 5888K, reserved 1048576K
}
Event: 3.196 GC heap after
{Heap after GC invocations=13 (full 0):
 garbage-first heap   total 126976K, used 54686K [0x0000000706000000, 0x0000000800000000)
  region size 2048K, 2 young (4096K), 2 survivors (4096K)
 Metaspace       used 45147K, committed 45888K, reserved 1114112K
  class space    used 5529K, committed 5888K, reserved 1048576K
}
Event: 3.581 GC heap before
{Heap before GC invocations=14 (full 0):
 garbage-first heap   total 126976K, used 99742K [0x0000000706000000, 0x0000000800000000)
  region size 2048K, 25 young (51200K), 2 survivors (4096K)
 Metaspace       used 48514K, committed 49344K, reserved 1114112K
  class space    used 5870K, committed 6272K, reserved 1048576K
}
Event: 3.586 GC heap after
{Heap after GC invocations=15 (full 0):
 garbage-first heap   total 126976K, used 57643K [0x0000000706000000, 0x0000000800000000)
  region size 2048K, 3 young (6144K), 3 survivors (6144K)
 Metaspace       used 48514K, committed 49344K, reserved 1114112K
  class space    used 5870K, committed 6272K, reserved 1048576K
}
Event: 4.563 GC heap before
{Heap before GC invocations=15 (full 0):
 garbage-first heap   total 126976K, used 104747K [0x0000000706000000, 0x0000000800000000)
  region size 2048K, 26 young (53248K), 3 survivors (6144K)
 Metaspace       used 54433K, committed 55296K, reserved 1114112K
  class space    used 6471K, committed 6912K, reserved 1048576K
}
Event: 4.576 GC heap after
{Heap after GC invocations=16 (full 0):
 garbage-first heap   total 126976K, used 65478K [0x0000000706000000, 0x0000000800000000)
  region size 2048K, 4 young (8192K), 4 survivors (8192K)
 Metaspace       used 54433K, committed 55296K, reserved 1114112K
  class space    used 6471K, committed 6912K, reserved 1048576K
}
Event: 5.673 GC heap before
{Heap before GC invocations=16 (full 0):
 garbage-first heap   total 126976K, used 106438K [0x0000000706000000, 0x0000000800000000)
  region size 2048K, 25 young (51200K), 4 survivors (8192K)
 Metaspace       used 59004K, committed 59840K, reserved 1114112K
  class space    used 6881K, committed 7296K, reserved 1048576K
}
Event: 5.687 GC heap after
{Heap after GC invocations=17 (full 0):
 garbage-first heap   total 126976K, used 71008K [0x0000000706000000, 0x0000000800000000)
  region size 2048K, 3 young (6144K), 3 survivors (6144K)
 Metaspace       used 59004K, committed 59840K, reserved 1114112K
  class space    used 6881K, committed 7296K, reserved 1048576K
}
Event: 6.455 GC heap before
{Heap before GC invocations=18 (full 0):
 garbage-first heap   total 126976K, used 109920K [0x0000000706000000, 0x0000000800000000)
  region size 2048K, 22 young (45056K), 3 survivors (6144K)
 Metaspace       used 60265K, committed 61120K, reserved 1114112K
  class space    used 6930K, committed 7360K, reserved 1048576K
}
Event: 6.466 GC heap after
{Heap after GC invocations=19 (full 0):
 garbage-first heap   total 126976K, used 76920K [0x0000000706000000, 0x0000000800000000)
  region size 2048K, 3 young (6144K), 3 survivors (6144K)
 Metaspace       used 60265K, committed 61120K, reserved 1114112K
  class space    used 6930K, committed 7360K, reserved 1048576K
}
Event: 7.153 GC heap before
{Heap before GC invocations=19 (full 0):
 garbage-first heap   total 126976K, used 111736K [0x0000000706000000, 0x0000000800000000)
  region size 2048K, 20 young (40960K), 3 survivors (6144K)
 Metaspace       used 60886K, committed 61824K, reserved 1114112K
  class space    used 6954K, committed 7424K, reserved 1048576K
}
Event: 7.165 GC heap after
{Heap after GC invocations=20 (full 0):
 garbage-first heap   total 153600K, used 80860K [0x0000000706000000, 0x0000000800000000)
  region size 2048K, 3 young (6144K), 3 survivors (6144K)
 Metaspace       used 60886K, committed 61824K, reserved 1114112K
  class space    used 6954K, committed 7424K, reserved 1048576K
}
Event: 8.082 GC heap before
{Heap before GC invocations=20 (full 0):
 garbage-first heap   total 153600K, used 134108K [0x0000000706000000, 0x0000000800000000)
  region size 2048K, 28 young (57344K), 3 survivors (6144K)
 Metaspace       used 61663K, committed 62528K, reserved 1114112K
  class space    used 6998K, committed 7424K, reserved 1048576K
}
Event: 8.092 GC heap after
{Heap after GC invocations=21 (full 0):
 garbage-first heap   total 153600K, used 89041K [0x0000000706000000, 0x0000000800000000)
  region size 2048K, 3 young (6144K), 3 survivors (6144K)
 Metaspace       used 61663K, committed 62528K, reserved 1114112K
  class space    used 6998K, committed 7424K, reserved 1048576K
}

