# JRE version: Java(TM) SE Runtime Environment (21.0.11+9) (build 21.0.11+9-LTS-211)
# Java VM: Java HotSpot(TM) 64-Bit Server VM (21.0.11+9-LTS-211, mixed mode, sharing, tiered, compressed oops, compressed class ptrs, g1 gc, windows-amd64)
GC Precious Log:
 CardTable entry size: 512
 Card Set container configuration: InlinePtr #cards 5 size 8 Array Of Cards #cards 12 size 40 Howl #buckets 4 coarsen threshold 1843 Howl Bitmap #cards 512 size 80 coarsen threshold 460 Card regions per heap region 1 cards per card region 2048
 CPUs: 16 total, 16 available
 Memory: 15998M
 Large Page Support: Disabled
 NUMA Support: Disabled
 Compressed Oops: Enabled (32-bit)
 Heap Region Size: 1M
 Heap Min Capacity: 8M
 Heap Initial Capacity: 250M
 Heap Max Capacity: 2G
 Pre-touch: Disabled
 Parallel Workers: 13
 Concurrent Workers: 3
 Concurrent Refinement Workers: 13
 Periodic GC: Disabled
Heap:
 garbage-first heap   total 186368K, used 133654K [0x0000000080000000, 0x0000000100000000)
  region size 1024K, 29 young (29696K), 3 survivors (3072K)
 Metaspace       used 101454K, committed 103872K, reserved 557056K
  class space    used 14106K, committed 15360K, reserved 425984K
GC Heap History (20 events):
Event: 27.566 GC heap before
{Heap before GC invocations=31 (full 0):
 garbage-first heap   total 124928K, used 113578K [0x0000000080000000, 0x0000000100000000)
  region size 1024K, 45 young (46080K), 4 survivors (4096K)
 Metaspace       used 75645K, committed 77760K, reserved 557056K
  class space    used 10661K, committed 11712K, reserved 425984K
}
Event: 27.568 GC heap after
{Heap after GC invocations=32 (full 0):
 garbage-first heap   total 124928K, used 73328K [0x0000000080000000, 0x0000000100000000)
  region size 1024K, 4 young (4096K), 4 survivors (4096K)
 Metaspace       used 75645K, committed 77760K, reserved 557056K
  class space    used 10661K, committed 11712K, reserved 425984K
}
Event: 27.823 GC heap before
{Heap before GC invocations=33 (full 0):
 garbage-first heap   total 128000K, used 121456K [0x0000000080000000, 0x0000000100000000)
  region size 1024K, 43 young (44032K), 4 survivors (4096K)
 Metaspace       used 77505K, committed 79680K, reserved 557056K
  class space    used 10868K, committed 11968K, reserved 425984K
}
Event: 27.827 GC heap after
{Heap after GC invocations=34 (full 0):
 garbage-first heap   total 135168K, used 89695K [0x0000000080000000, 0x0000000100000000)
  region size 1024K, 6 young (6144K), 6 survivors (6144K)
 Metaspace       used 77505K, committed 79680K, reserved 557056K
  class space    used 10868K, committed 11968K, reserved 425984K
}
Event: 28.021 GC heap before
{Heap before GC invocations=34 (full 0):
 garbage-first heap   total 135168K, used 118367K [0x0000000080000000, 0x0000000100000000)
  region size 1024K, 35 young (35840K), 6 survivors (6144K)
 Metaspace       used 80000K, committed 82240K, reserved 557056K
  class space    used 11141K, committed 12288K, reserved 425984K
}
Event: 28.024 GC heap after
{Heap after GC invocations=35 (full 0):
 garbage-first heap   total 162816K, used 89961K [0x0000000080000000, 0x0000000100000000)
  region size 1024K, 2 young (2048K), 2 survivors (2048K)
 Metaspace       used 80000K, committed 82240K, reserved 557056K
  class space    used 11141K, committed 12288K, reserved 425984K
}
Event: 28.305 GC heap before
{Heap before GC invocations=35 (full 0):
 garbage-first heap   total 162816K, used 131945K [0x0000000080000000, 0x0000000100000000)
  region size 1024K, 41 young (41984K), 2 survivors (2048K)
 Metaspace       used 83234K, committed 85440K, reserved 557056K
  class space    used 11501K, committed 12608K, reserved 425984K
}
Event: 28.307 GC heap after
{Heap after GC invocations=36 (full 0):
 garbage-first heap   total 162816K, used 94232K [0x0000000080000000, 0x0000000100000000)
  region size 1024K, 6 young (6144K), 6 survivors (6144K)
 Metaspace       used 83234K, committed 85440K, reserved 557056K
  class space    used 11501K, committed 12608K, reserved 425984K
}
Event: 28.675 GC heap before
{Heap before GC invocations=36 (full 0):
 garbage-first heap   total 162816K, used 146456K [0x0000000080000000, 0x0000000100000000)
  region size 1024K, 56 young (57344K), 6 survivors (6144K)
 Metaspace       used 87031K, committed 89216K, reserved 557056K
  class space    used 11971K, committed 13056K, reserved 425984K
}
Event: 28.677 GC heap after
{Heap after GC invocations=37 (full 0):
 garbage-first heap   total 162816K, used 97928K [0x0000000080000000, 0x0000000100000000)
  region size 1024K, 3 young (3072K), 3 survivors (3072K)
 Metaspace       used 87031K, committed 89216K, reserved 557056K
  class space    used 11971K, committed 13056K, reserved 425984K
}
Event: 34.353 GC heap before
{Heap before GC invocations=37 (full 0):
 garbage-first heap   total 162816K, used 117384K [0x0000000080000000, 0x0000000100000000)
  region size 1024K, 23 young (23552K), 3 survivors (3072K)
 Metaspace       used 87848K, committed 90176K, reserved 557056K
  class space    used 12079K, committed 13248K, reserved 425984K
}
Event: 34.356 GC heap after
{Heap after GC invocations=38 (full 0):
 garbage-first heap   total 162816K, used 100090K [0x0000000080000000, 0x0000000100000000)
  region size 1024K, 5 young (5120K), 5 survivors (5120K)
 Metaspace       used 87848K, committed 90176K, reserved 557056K
  class space    used 12079K, committed 13248K, reserved 425984K
}
Event: 34.795 GC heap before
{Heap before GC invocations=39 (full 0):
 garbage-first heap   total 173056K, used 150266K [0x0000000080000000, 0x0000000100000000)
  region size 1024K, 52 young (53248K), 5 survivors (5120K)
 Metaspace       used 91038K, committed 93312K, reserved 557056K
  class space    used 12520K, committed 13696K, reserved 425984K
}
Event: 34.798 GC heap after
{Heap after GC invocations=40 (full 0):
 garbage-first heap   total 173056K, used 104206K [0x0000000080000000, 0x0000000100000000)
  region size 1024K, 5 young (5120K), 5 survivors (5120K)
 Metaspace       used 91038K, committed 93312K, reserved 557056K
  class space    used 12520K, committed 13696K, reserved 425984K
}
Event: 37.663 GC heap before
{Heap before GC invocations=40 (full 0):
 garbage-first heap   total 173056K, used 157454K [0x0000000080000000, 0x0000000100000000)
  region size 1024K, 57 young (58368K), 5 survivors (5120K)
 Metaspace       used 93246K, committed 95552K, reserved 557056K
  class space    used 12832K, committed 14016K, reserved 425984K
}
Event: 37.667 GC heap after
{Heap after GC invocations=41 (full 0):
 garbage-first heap   total 173056K, used 106592K [0x0000000080000000, 0x0000000100000000)
  region size 1024K, 8 young (8192K), 8 survivors (8192K)
 Metaspace       used 93246K, committed 95552K, reserved 557056K
  class space    used 12832K, committed 14016K, reserved 425984K
}
Event: 38.069 GC heap before
{Heap before GC invocations=41 (full 0):
 garbage-first heap   total 173056K, used 154720K [0x0000000080000000, 0x0000000100000000)
  region size 1024K, 55 young (56320K), 8 survivors (8192K)
 Metaspace       used 95768K, committed 98176K, reserved 557056K
  class space    used 13191K, committed 14400K, reserved 425984K
}
Event: 38.073 GC heap after
{Heap after GC invocations=42 (full 0):
 garbage-first heap   total 173056K, used 107238K [0x0000000080000000, 0x0000000100000000)
  region size 1024K, 3 young (3072K), 3 survivors (3072K)
 Metaspace       used 95768K, committed 98176K, reserved 557056K
  class space    used 13191K, committed 14400K, reserved 425984K
}
Event: 38.591 GC heap before
{Heap before GC invocations=43 (full 0):
 garbage-first heap   total 186368K, used 159462K [0x0000000080000000, 0x0000000100000000)
  region size 1024K, 53 young (54272K), 3 survivors (3072K)
 Metaspace       used 99581K, committed 101952K, reserved 557056K
  class space    used 13836K, committed 15040K, reserved 425984K
}
Event: 38.593 GC heap after
{Heap after GC invocations=44 (full 0):
 garbage-first heap   total 186368K, used 108054K [0x0000000080000000, 0x0000000100000000)
  region size 1024K, 3 young (3072K), 3 survivors (3072K)
 Metaspace       used 99581K, committed 101952K, reserved 557056K
  class space    used 13836K, committed 15040K, reserved 425984K
}

